================================================================================
📊 增强版港股选股系统 - 巴菲特财务指标
================================================================================

连接富途 OpenD...
2026-03-30 13:56:32,492 | 18809 | 8320594176 | [open_context_base.py:409] _init_connect_sync: New connect ready: conn=7444261261769211591(1) context=<futu.quote.open_quote_context.OpenQuoteContext object at 0x1051fcfd0>
✅ OpenD 连接成功

获取港股市场列表...
✅ 获取到 3623 只港股

获取实时行情数据...
  批次 1 失败，跳过
  批次 2 失败，跳过
  批次 3 失败，跳过
  批次 4 失败，跳过
  批次 5 失败，跳过
  批次 6 失败，跳过
  批次 7 失败，跳过
  进度：3623/3623
✅ 获取到 123 只股票行情

================================================================================
【初步筛选】
================================================================================
PE < 30: 123 → 11 (-112)
PB > 0: 11 → 11 (-0)
价格 2-500 港元：11 → 11 (-0)
成交量 > 50 万股：11 → 0 (-11)

✅ 初步筛选后剩余 0 只股票 (通过率：0.0%)

================================================================================
【财务数据筛选】
================================================================================
获取财务指标 (ROE、资产负债率)...
注意：富途财务数据获取较慢，仅测试前 100 只股票


⚠️ 无法获取财务数据，显示初步筛选结果

✅ 结果已保存到：reports/stock_selection_HK_20260330_buffett.csv

================================================================================
✅ 选股完成
================================================================================
2026-03-30 13:56:38,829 | 18809 | 6128873472 | [open_context_base.py:516] on_disconnect: Disconnected: conn=0(1) reason=CallClose
