================================================================================
📊 增强版港股选股 - 巴菲特财务指标
================================================================================

2026-03-30 13:57:41,346 | 18824 | 8320594176 | [open_context_base.py:409] _init_connect_sync: New connect ready: conn=7444261550560775860(1) context=<futu.quote.open_quote_context.OpenQuoteContext object at 0x109a63910>
✅ OpenD 连接成功

获取港股列表...
✅ 共 3623 只港股

获取行情数据 (测试前 500 只)...
  进度：100/500
  进度：200/500
  进度：300/500
  进度：400/500
  进度：500/500
✅ 获取到 188 只股票行情

================================================================================
【筛选过程】
================================================================================
市值 > 50 亿港元：188 → 47
PE < 30: 47 → 28
PB > 0: 28 → 28
价格 2-500 港元：28 → 27
成交量 > 50 万股：27 → 19

✅ 初步筛选：19 只股票

================================================================================
【财务筛选】(测试前 50 只)
================================================================================
Traceback (most recent call last):
  File "/Users/zhaoxf/.openclaw/skills/港股量化投资/run_enhanced_selection.py", line 106, in <module>
    ret, data = quote_ctx.get_financial_metrics(code)
AttributeError: 'OpenQuoteContext' object has no attribute 'get_financial_metrics'
