================================================================================
📊 增强版港股选股系统
================================================================================

筛选标准:
  ✅ 市值 > 50 亿港元
  ✅ PE (市盈率) < 30
  ✅ PB (市净率) > 0
  ✅ 价格范围：2-500 港元
  ✅ 成交量 > 50 万股
  ⏳ ROE > 8% (待实现)
  ⏳ 资产负债率 < 60% (待实现)
  ⏳ ROIC > 8% (待实现)
  ⏳ 自由现金流 > 0 (待实现)

================================================================================

2026-03-30 14:00:26,568 | 18862 | 8320594176 | [open_context_base.py:409] _init_connect_sync: New connect ready: conn=7444262243555642147(1) context=<futu.quote.open_quote_context.OpenQuoteContext object at 0x1075f0a90>
✅ OpenD 连接成功

获取港股列表...
✅ 共 3623 只港股

获取行情数据...
  进度：300/3623
  进度：600/3623
  进度：900/3623
  进度：1200/3623
  进度：1500/3623
  进度：1800/3623
  进度：2100/3623
  进度：2400/3623
  进度：2700/3623
  进度：3000/3623
  进度：3300/3623
  进度：3600/3623
  进度：3623/3623
✅ 获取到 3623 只股票行情

================================================================================
【筛选过程】
================================================================================
市值 > 50 亿港元：3623 → 752 (-2871)
PE < 30: 752 → 454 (-298)
PB > 0: 454 → 453 (-1)
价格 2-500 港元：453 → 426 (-27)
成交量 > 50 万股：426 → 354 (-72)

✅ 初步筛选后剩余 354 只股票 (通过率：9.8%)

✅ 结果已保存到：reports/stock_selection_HK_20260330_enhanced.csv

================================================================================
【Top 30 股票】
================================================================================
排名   代码         名称                    价格     PE     PB     市值 (亿港元)          成交量
--------------------------------------------------------------------------------
1    00966      CHINA TAIPING   $  19.78    2.6   0.75        710.9       1125万
2    01800      CHINA COMM CO   $   4.73    3.0   0.24        769.8       1677万
3    01186      CHINA RAIL CO   $   5.37    3.0   0.24        729.2        779万
4    00390      CHINA RAILWAY   $   4.15    3.4   0.30       1024.5       2264万
5    03698      HUISHANG BANK   $   4.60    3.5   0.39        638.9        618万
6    01336      NCI             $  44.98    3.5   1.14       1403.2        972万
7    02598      LIANLIAN        $   5.87    3.5   1.90         64.8        147万
8    02628      CHINA LIFE      $  24.20    4.0   1.04       6840.1       4096万
9    06818      CEB BANK        $   3.23    4.2   0.35       1908.5        357万
10   00373      ALLIED GROUP    $   2.74    4.3   0.21         96.3         81万
11   02016      CZBANK          $   2.59    4.3   0.37        711.3        183万
12   03866      BQD             $   4.29    4.3   0.55        249.7        127万
13   01963      BCQ             $   7.97    4.4   0.46        276.9        122万
14   01339      PICC GROUP      $   5.41    4.7   0.70       2392.5       4877万
15   03311      CHINA STATE C   $   8.43    4.7   0.57        445.3        412万
16   01988      MINSHENG BANK   $   3.83    4.8   0.27       1676.9        459万
17   09890      TANWAN          $  15.21    4.8   1.72         79.6        184万
18   02666      UNI MEDICAL     $   5.81    4.9   0.55        117.0        176万
19   00142      FIRST PACIFIC   $   5.55    5.1   0.70        236.5        222万
20   02601      CPIC            $  31.42    5.1   0.90       3022.7        808万
21   00116      CHOW SANG SAN   $  13.15    5.1   0.61         88.3        101万
22   00819      TIANNENG POWE   $   7.33    5.2   0.43         82.5        927万
23   02510      TS LINES        $   8.03    5.2   0.81        133.7        231万
24   00267      CITIC           $  11.76    5.3   0.39       3421.0       1272万
25   01478      Q TECH          $   7.46    5.4   1.25         88.7        223万
26   00363      SHANGHAI IND    $  13.89    5.4   0.31        151.0         74万
27   02678      TEXHONG INTL    $   5.96    5.4   0.48         54.6         63万
28   00998      CITIC BANK      $   7.80    5.6   0.54       4340.3        696万
29   00013      HUTCHMED        $  23.02    5.6   2.08        200.8        533万
30   03618      CQRC BANK       $   6.74    5.7   0.53        765.5        629万

================================================================================
✅ 选股完成
================================================================================

📝 说明:
  当前版本使用富途 OpenD 行情数据进行筛选
  财务指标筛选 (ROE、负债率、ROIC、自由现金流) 需要额外数据源
  后续将加入 Tushare/AKShare 等数据源支持财务筛选

2026-03-30 14:00:36,203 | 18862 | 6165016576 | [open_context_base.py:516] on_disconnect: Disconnected: conn=0(1) reason=CallClose
