/Users/zhaoxf/Library/Python/3.9/lib/python/site-packages/urllib3/__init__.py:35: NotOpenSSLWarning: urllib3 v2 only supports OpenSSL 1.1.1+, currently the 'ssl' module is compiled with 'LibreSSL 2.8.3'. See: https://github.com/urllib3/urllib3/issues/3020
  warnings.warn(
================================================================================
🌍 全球市场概览
================================================================================
生成时间：2026-03-30 14:36:47

【🇭🇰 港股市场】
--------------------------------------------------------------------------------
2026-03-30 14:36:47,467 | 19226 | 8320594176 | [open_context_base.py:409] _init_connect_sync: New connect ready: conn=7444271390905589100(1) context=<futu.quote.open_quote_context.OpenQuoteContext object at 0x107336940>

热门港股:
代码           名称                      价格        涨跌%       PE
------------------------------------------------------------
00700        TENCENT         $   483.80      0.00%     17.7
09988        BABA-W          $   121.20      0.00%     16.5
00883        CNOOC           $    28.86      0.00%     10.1
02338        WEICHAI POWER   $    28.10      0.00%     20.2
00939        CCB             $     8.19      0.00%      5.7

【🇺🇸 美股市场】
--------------------------------------------------------------------------------
代码           名称                      价格        涨跌%       PE
------------------------------------------------------------
2026-03-30 14:36:47,515 | 19226 | 6168195072 | [open_context_base.py:516] on_disconnect: Disconnected: conn=0(1) reason=CallClose
AAPL         苹果              $   248.80     -1.62%      N/A
MSFT         微软              $   356.77     -2.51%      N/A
GOOGL        谷歌              $   274.34     -2.34%      N/A
AMZN         亚马逊             $   199.34     -3.95%      N/A
NVDA         英伟达             $   167.52     -2.17%      N/A
META         元               $   525.72     -3.99%      N/A
TSLA         特斯拉             $   361.83     -2.76%      N/A

【🇨🇳 A 股市场】
--------------------------------------------------------------------------------
代码           名称                      收盘        涨跌%
------------------------------------------------------------
000001       上证指数               3913.72      0.63%
399001       深证成指              13760.37      1.13%
399006       创业板指               3295.88      0.71%

【🛢️ 大宗商品】
--------------------------------------------------------------------------------
WTI 原油：$124.20/桶 (+5.92%)
黄金 ETF: $414.70 (+3.51%)

【₿ 加密货币】
--------------------------------------------------------------------------------
加密货币数据获取失败：HTTPSConnectionPool(host='api.coingecko.com', port=443): Read timed out. (read timeout=10)

================================================================================
✅ 全球市场概览完成
================================================================================
