================================================================================
📊 行业监控池 - 每个行业 Top 2
================================================================================
监控股票：26 只
覆盖行业：15 个


【保险】(2只)
  00966      CHINA TAIPING        $  19.78  PE:  2.6
  01336      NCI                  $  44.98  PE:  3.5

【其他】(2只)
  00902      HUANENG POWER        $   5.97  PE:  5.8
  06963      SUNSHINE INS         $   3.61  PE:  5.9

【医药】(2只)
  02666      UNI MEDICAL          $   5.81  PE:  4.9
  00013      HUTCHMED             $  23.02  PE:  5.6

【基建】(2只)
  01800      CHINA COMM CONS      $   4.73  PE:  3.0
  01186      CHINA RAIL CONS      $   5.37  PE:  3.0

【工业】(1只)
  02580      AUX ELECTRIC         $   9.53  PE:  6.1

【建筑】(1只)
  03311      CHINA STATE CON      $   8.43  PE:  4.7

【房地产】(2只)
  00373      ALLIED GROUP         $   2.74  PE:  4.3
  00258      TOMSON GROUP         $   2.27  PE:  6.5

【汽车】(1只)
  01114      BRILLIANCE CHI       $   2.65  PE:  6.1

【消费】(2只)
  09890      TANWAN               $  15.21  PE:  4.8
  00116      CHOW SANG SANG       $  13.15  PE:  5.1

【科技】(2只)
  02598      LIANLIAN             $   5.87  PE:  3.5
  01478      Q TECH               $   7.46  PE:  5.4

【纺织】(1只)
  02678      TEXHONG INTL GP      $   5.96  PE:  5.4

【综合】(2只)
  00142      FIRST PACIFIC        $   5.55  PE:  5.1
  00267      CITIC                $  11.76  PE:  5.3

【能源】(2只)
  00819      TIANNENG POWER       $   7.33  PE:  5.2
  01811      CGN NEW ENERGY       $   2.60  PE:  5.8

【运输】(2只)
  02510      TS LINES             $   8.03  PE:  5.2
  00293      CATHAY PAC AIR       $  12.01  PE:  6.7

【银行】(2只)
  03698      HUISHANG BANK        $   4.60  PE:  3.5
  06818      CEB BANK             $   3.23  PE:  4.2

✅ 已保存：reports/monitor_pool_HK_20260330_1542.csv
