✅ Finnhub API Key 已加载
📈 生成小巴每日动量报告 - 2026-03-17

📊 获取市场数据...
  恐惧贪婪指数：50
  标普期货：0.5%
  纳指期货：0.8%

📈 获取股票实时数据...

🎯 小巴的市场立场：Conservative Buy

━━━━━━━━━━━━━━━━━━━━━━━━━━━━━━━━
📈 DAILY MOMENTUM REPORT
📅 2026-03-17 | 小巴 | 华尔街晨间分析
━━━━━━━━━━━━━━━━━━━━━━━━━━━━━━━━

## 小巴的市场立场

【Conservative Buy】

市场震荡整理 (FNG: 50)。建议小仓位参与，精选个股形态机会，控制风险。

━━━━━━━━━━━━━━━━━━━━━━━━━━━━━━━━

## 5% 观察名单

1) 股票代码：NVDA (科技)
   • 胜率概率：85%
   • 选择理由：财报超预期 + 盘前成交量放大 3 倍 + 突破 52 周新高，AI 需求持续强劲

2) 股票代码：MSFT (科技)
   • 胜率概率：78%
   • 选择理由：云计算 Azure 增长强劲 +AI 投资见效 + 机构增持

3) 股票代码：JPM (金融)
   • 胜率概率：75%
   • 选择理由：银行业绩稳健 + 利率环境有利 + 分红稳定

4) 股票代码：COIN (金融)
   • 胜率概率：55%
   • 选择理由：加密货币反弹 + 交易量回升 + ETF 预期，高波动高回报

5) 股票代码：LLY (医疗)
   • 胜率概率：70%
   • 选择理由：减肥药需求爆发 + 管线丰富 + 分析师上调目标价

6) 股票代码：AMZN (消费)
   • 胜率概率：68%
   • 选择理由：电商复苏 +AWS 云增长 + 广告业务亮眼

7) 股票代码：XOM (能源)
   • 胜率概率：65%
   • 选择理由：油价上涨受益 + 现金流强劲 + 分红回购

━━━━━━━━━━━━━━━━━━━━━━━━━━━━━━━━
⚠️  风险提示：股市有风险，以上仅为技术分析，不构成投资建议
━━━━━━━━━━━━━━━━━━━━━━━━━━━━━━━━

*小巴 - "在华尔街，犹豫是昂贵的，果断是赚钱的。"*

✅ 报告已保存到：/Users/zhaoxf/.openclaw/workspace/agents/xiaoba-stock-agent/reports/report-2026-03-17.md
✅ Finnhub API Key 已加载
📈 生成小巴每日动量报告 - 2026-03-17

📊 获取市场数据...
  恐惧贪婪指数：50
  标普期货：0.5%
  纳指期货：0.8%

📈 获取股票实时数据...

🎯 小巴的市场立场：Conservative Buy

━━━━━━━━━━━━━━━━━━━━━━━━━━━━━━━━
📈 DAILY MOMENTUM REPORT
📅 2026-03-17 | 小巴 | 华尔街晨间分析
━━━━━━━━━━━━━━━━━━━━━━━━━━━━━━━━

## 小巴的市场立场

【Conservative Buy】

市场震荡整理 (FNG: 50)。建议小仓位参与，精选个股形态机会，控制风险。

━━━━━━━━━━━━━━━━━━━━━━━━━━━━━━━━

## 5% 观察名单

1) 股票代码：NVDA (科技)
   • 胜率概率：85%
   • 选择理由：财报超预期 + 盘前成交量放大 3 倍 + 突破 52 周新高，AI 需求持续强劲

2) 股票代码：MSFT (科技)
   • 胜率概率：78%
   • 选择理由：云计算 Azure 增长强劲 +AI 投资见效 + 机构增持

3) 股票代码：JPM (金融)
   • 胜率概率：75%
   • 选择理由：银行业绩稳健 + 利率环境有利 + 分红稳定

4) 股票代码：COIN (金融)
   • 胜率概率：55%
   • 选择理由：加密货币反弹 + 交易量回升 + ETF 预期，高波动高回报

5) 股票代码：LLY (医疗)
   • 胜率概率：70%
   • 选择理由：减肥药需求爆发 + 管线丰富 + 分析师上调目标价

6) 股票代码：AMZN (消费)
   • 胜率概率：68%
   • 选择理由：电商复苏 +AWS 云增长 + 广告业务亮眼

7) 股票代码：XOM (能源)
   • 胜率概率：65%
   • 选择理由：油价上涨受益 + 现金流强劲 + 分红回购

━━━━━━━━━━━━━━━━━━━━━━━━━━━━━━━━
⚠️  风险提示：股市有风险，以上仅为技术分析，不构成投资建议
━━━━━━━━━━━━━━━━━━━━━━━━━━━━━━━━

*小巴 - "在华尔街，犹豫是昂贵的，果断是赚钱的。"*

✅ 报告已保存到：/Users/zhaoxf/.openclaw/workspace/agents/xiaoba-stock-agent/reports/report-2026-03-17.md
✅ Finnhub API Key 已加载
📈 生成小巴每日动量报告 - 2026-03-18

📊 获取市场数据...
  恐惧贪婪指数：50
  标普期货：0.5%
  纳指期货：0.8%

📈 获取股票实时数据...

🎯 小巴的市场立场：Conservative Buy

━━━━━━━━━━━━━━━━━━━━━━━━━━━━━━━━
📈 DAILY MOMENTUM REPORT
📅 2026-03-18 | 小巴 | 华尔街晨间分析
━━━━━━━━━━━━━━━━━━━━━━━━━━━━━━━━

## 小巴的市场立场

【Conservative Buy】

市场震荡整理 (FNG: 50)。建议小仓位参与，精选个股形态机会，控制风险。

━━━━━━━━━━━━━━━━━━━━━━━━━━━━━━━━

## 5% 观察名单

1) 股票代码：NVDA (科技)
   • 胜率概率：85%
   • 选择理由：财报超预期 + 盘前成交量放大 3 倍 + 突破 52 周新高，AI 需求持续强劲

2) 股票代码：MSFT (科技)
   • 胜率概率：78%
   • 选择理由：云计算 Azure 增长强劲 +AI 投资见效 + 机构增持

3) 股票代码：JPM (金融)
   • 胜率概率：75%
   • 选择理由：银行业绩稳健 + 利率环境有利 + 分红稳定

4) 股票代码：COIN (金融)
   • 胜率概率：55%
   • 选择理由：加密货币反弹 + 交易量回升 + ETF 预期，高波动高回报

5) 股票代码：LLY (医疗)
   • 胜率概率：70%
   • 选择理由：减肥药需求爆发 + 管线丰富 + 分析师上调目标价

6) 股票代码：AMZN (消费)
   • 胜率概率：68%
   • 选择理由：电商复苏 +AWS 云增长 + 广告业务亮眼

7) 股票代码：XOM (能源)
   • 胜率概率：65%
   • 选择理由：油价上涨受益 + 现金流强劲 + 分红回购

━━━━━━━━━━━━━━━━━━━━━━━━━━━━━━━━
⚠️  风险提示：股市有风险，以上仅为技术分析，不构成投资建议
━━━━━━━━━━━━━━━━━━━━━━━━━━━━━━━━

*小巴 - "在华尔街，犹豫是昂贵的，果断是赚钱的。"*

✅ 报告已保存到：/Users/zhaoxf/.openclaw/workspace/agents/xiaoba-stock-agent/reports/report-2026-03-18.md

📤 发送到飞书...
⚠️  openclaw 命令未找到，跳过发送
